This is pdfTeX, Version 3.14159265-2.6-1.40.18 (TeX Live 2017) (preloaded format=pdflatex 2017.9.29)  10 MAY 2018 21:13
entering extended mode
 restricted \write18 enabled.
 %&-line parsing enabled.
**promaxlab.tex
(./promaxlab.tex
LaTeX2e <2017-04-15>
Babel <3.10> and hyphenation patterns for 84 language(s) loaded.
(/usr/local/texlive/2017/texmf-dist/tex/latex/base/article.cls
Document Class: article 2014/09/29 v1.4h Standard LaTeX document class
(/usr/local/texlive/2017/texmf-dist/tex/latex/base/size10.clo
File: size10.clo 2014/09/29 v1.4h Standard LaTeX file (size option)
)
\c@part=\count79
\c@section=\count80
\c@subsection=\count81
\c@subsubsection=\count82
\c@paragraph=\count83
\c@subparagraph=\count84
\c@figure=\count85
\c@table=\count86
\abovecaptionskip=\skip41
\belowcaptionskip=\skip42
\bibindent=\dimen102
)
(/usr/local/texlive/2017/texmf-dist/tex/latex/base/inputenc.sty
Package: inputenc 2015/03/17 v1.2c Input encoding file
\inpenc@prehook=\toks14
\inpenc@posthook=\toks15

(/usr/local/texlive/2017/texmf-dist/tex/latex/base/utf8.def
File: utf8.def 2017/01/28 v1.1t UTF-8 support for inputenc
Now handling font encoding OML ...
... no UTF-8 mapping file for font encoding OML
Now handling font encoding T1 ...
... processing UTF-8 mapping file for font encoding T1

(/usr/local/texlive/2017/texmf-dist/tex/latex/base/t1enc.dfu
File: t1enc.dfu 2017/01/28 v1.1t UTF-8 support for inputenc
   defining Unicode char U+00A0 (decimal 160)
   defining Unicode char U+00A1 (decimal 161)
   defining Unicode char U+00A3 (decimal 163)
   defining Unicode char U+00AB (decimal 171)
   defining Unicode char U+00AD (decimal 173)
   defining Unicode char U+00BB (decimal 187)
   defining Unicode char U+00BF (decimal 191)
   defining Unicode char U+00C0 (decimal 192)
   defining Unicode char U+00C1 (decimal 193)
   defining Unicode char U+00C2 (decimal 194)
   defining Unicode char U+00C3 (decimal 195)
   defining Unicode char U+00C4 (decimal 196)
   defining Unicode char U+00C5 (decimal 197)
   defining Unicode char U+00C6 (decimal 198)
   defining Unicode char U+00C7 (decimal 199)
   defining Unicode char U+00C8 (decimal 200)
   defining Unicode char U+00C9 (decimal 201)
   defining Unicode char U+00CA (decimal 202)
   defining Unicode char U+00CB (decimal 203)
   defining Unicode char U+00CC (decimal 204)
   defining Unicode char U+00CD (decimal 205)
   defining Unicode char U+00CE (decimal 206)
   defining Unicode char U+00CF (decimal 207)
   defining Unicode char U+00D0 (decimal 208)
   defining Unicode char U+00D1 (decimal 209)
   defining Unicode char U+00D2 (decimal 210)
   defining Unicode char U+00D3 (decimal 211)
   defining Unicode char U+00D4 (decimal 212)
   defining Unicode char U+00D5 (decimal 213)
   defining Unicode char U+00D6 (decimal 214)
   defining Unicode char U+00D8 (decimal 216)
   defining Unicode char U+00D9 (decimal 217)
   defining Unicode char U+00DA (decimal 218)
   defining Unicode char U+00DB (decimal 219)
   defining Unicode char U+00DC (decimal 220)
   defining Unicode char U+00DD (decimal 221)
   defining Unicode char U+00DE (decimal 222)
   defining Unicode char U+00DF (decimal 223)
   defining Unicode char U+00E0 (decimal 224)
   defining Unicode char U+00E1 (decimal 225)
   defining Unicode char U+00E2 (decimal 226)
   defining Unicode char U+00E3 (decimal 227)
   defining Unicode char U+00E4 (decimal 228)
   defining Unicode char U+00E5 (decimal 229)
   defining Unicode char U+00E6 (decimal 230)
   defining Unicode char U+00E7 (decimal 231)
   defining Unicode char U+00E8 (decimal 232)
   defining Unicode char U+00E9 (decimal 233)
   defining Unicode char U+00EA (decimal 234)
   defining Unicode char U+00EB (decimal 235)
   defining Unicode char U+00EC (decimal 236)
   defining Unicode char U+00ED (decimal 237)
   defining Unicode char U+00EE (decimal 238)
   defining Unicode char U+00EF (decimal 239)
   defining Unicode char U+00F0 (decimal 240)
   defining Unicode char U+00F1 (decimal 241)
   defining Unicode char U+00F2 (decimal 242)
   defining Unicode char U+00F3 (decimal 243)
   defining Unicode char U+00F4 (decimal 244)
   defining Unicode char U+00F5 (decimal 245)
   defining Unicode char U+00F6 (decimal 246)
   defining Unicode char U+00F8 (decimal 248)
   defining Unicode char U+00F9 (decimal 249)
   defining Unicode char U+00FA (decimal 250)
   defining Unicode char U+00FB (decimal 251)
   defining Unicode char U+00FC (decimal 252)
   defining Unicode char U+00FD (decimal 253)
   defining Unicode char U+00FE (decimal 254)
   defining Unicode char U+00FF (decimal 255)
   defining Unicode char U+0100 (decimal 256)
   defining Unicode char U+0101 (decimal 257)
   defining Unicode char U+0102 (decimal 258)
   defining Unicode char U+0103 (decimal 259)
   defining Unicode char U+0104 (decimal 260)
   defining Unicode char U+0105 (decimal 261)
   defining Unicode char U+0106 (decimal 262)
   defining Unicode char U+0107 (decimal 263)
   defining Unicode char U+0108 (decimal 264)
   defining Unicode char U+0109 (decimal 265)
   defining Unicode char U+010A (decimal 266)
   defining Unicode char U+010B (decimal 267)
   defining Unicode char U+010C (decimal 268)
   defining Unicode char U+010D (decimal 269)
   defining Unicode char U+010E (decimal 270)
   defining Unicode char U+010F (decimal 271)
   defining Unicode char U+0110 (decimal 272)
   defining Unicode char U+0111 (decimal 273)
   defining Unicode char U+0112 (decimal 274)
   defining Unicode char U+0113 (decimal 275)
   defining Unicode char U+0114 (decimal 276)
   defining Unicode char U+0115 (decimal 277)
   defining Unicode char U+0116 (decimal 278)
   defining Unicode char U+0117 (decimal 279)
   defining Unicode char U+0118 (decimal 280)
   defining Unicode char U+0119 (decimal 281)
   defining Unicode char U+011A (decimal 282)
   defining Unicode char U+011B (decimal 283)
   defining Unicode char U+011C (decimal 284)
   defining Unicode char U+011D (decimal 285)
   defining Unicode char U+011E (decimal 286)
   defining Unicode char U+011F (decimal 287)
   defining Unicode char U+0120 (decimal 288)
   defining Unicode char U+0121 (decimal 289)
   defining Unicode char U+0122 (decimal 290)
   defining Unicode char U+0123 (decimal 291)
   defining Unicode char U+0124 (decimal 292)
   defining Unicode char U+0125 (decimal 293)
   defining Unicode char U+0128 (decimal 296)
   defining Unicode char U+0129 (decimal 297)
   defining Unicode char U+012A (decimal 298)
   defining Unicode char U+012B (decimal 299)
   defining Unicode char U+012C (decimal 300)
   defining Unicode char U+012D (decimal 301)
   defining Unicode char U+012E (decimal 302)
   defining Unicode char U+012F (decimal 303)
   defining Unicode char U+0130 (decimal 304)
   defining Unicode char U+0131 (decimal 305)
   defining Unicode char U+0132 (decimal 306)
   defining Unicode char U+0133 (decimal 307)
   defining Unicode char U+0134 (decimal 308)
   defining Unicode char U+0135 (decimal 309)
   defining Unicode char U+0136 (decimal 310)
   defining Unicode char U+0137 (decimal 311)
   defining Unicode char U+0139 (decimal 313)
   defining Unicode char U+013A (decimal 314)
   defining Unicode char U+013B (decimal 315)
   defining Unicode char U+013C (decimal 316)
   defining Unicode char U+013D (decimal 317)
   defining Unicode char U+013E (decimal 318)
   defining Unicode char U+0141 (decimal 321)
   defining Unicode char U+0142 (decimal 322)
   defining Unicode char U+0143 (decimal 323)
   defining Unicode char U+0144 (decimal 324)
   defining Unicode char U+0145 (decimal 325)
   defining Unicode char U+0146 (decimal 326)
   defining Unicode char U+0147 (decimal 327)
   defining Unicode char U+0148 (decimal 328)
   defining Unicode char U+014A (decimal 330)
   defining Unicode char U+014B (decimal 331)
   defining Unicode char U+014C (decimal 332)
   defining Unicode char U+014D (decimal 333)
   defining Unicode char U+014E (decimal 334)
   defining Unicode char U+014F (decimal 335)
   defining Unicode char U+0150 (decimal 336)
   defining Unicode char U+0151 (decimal 337)
   defining Unicode char U+0152 (decimal 338)
   defining Unicode char U+0153 (decimal 339)
   defining Unicode char U+0154 (decimal 340)
   defining Unicode char U+0155 (decimal 341)
   defining Unicode char U+0156 (decimal 342)
   defining Unicode char U+0157 (decimal 343)
   defining Unicode char U+0158 (decimal 344)
   defining Unicode char U+0159 (decimal 345)
   defining Unicode char U+015A (decimal 346)
   defining Unicode char U+015B (decimal 347)
   defining Unicode char U+015C (decimal 348)
   defining Unicode char U+015D (decimal 349)
   defining Unicode char U+015E (decimal 350)
   defining Unicode char U+015F (decimal 351)
   defining Unicode char U+0160 (decimal 352)
   defining Unicode char U+0161 (decimal 353)
   defining Unicode char U+0162 (decimal 354)
   defining Unicode char U+0163 (decimal 355)
   defining Unicode char U+0164 (decimal 356)
   defining Unicode char U+0165 (decimal 357)
   defining Unicode char U+0168 (decimal 360)
   defining Unicode char U+0169 (decimal 361)
   defining Unicode char U+016A (decimal 362)
   defining Unicode char U+016B (decimal 363)
   defining Unicode char U+016C (decimal 364)
   defining Unicode char U+016D (decimal 365)
   defining Unicode char U+016E (decimal 366)
   defining Unicode char U+016F (decimal 367)
   defining Unicode char U+0170 (decimal 368)
   defining Unicode char U+0171 (decimal 369)
   defining Unicode char U+0172 (decimal 370)
   defining Unicode char U+0173 (decimal 371)
   defining Unicode char U+0174 (decimal 372)
   defining Unicode char U+0175 (decimal 373)
   defining Unicode char U+0176 (decimal 374)
   defining Unicode char U+0177 (decimal 375)
   defining Unicode char U+0178 (decimal 376)
   defining Unicode char U+0179 (decimal 377)
   defining Unicode char U+017A (decimal 378)
   defining Unicode char U+017B (decimal 379)
   defining Unicode char U+017C (decimal 380)
   defining Unicode char U+017D (decimal 381)
   defining Unicode char U+017E (decimal 382)
   defining Unicode char U+01CD (decimal 461)
   defining Unicode char U+01CE (decimal 462)
   defining Unicode char U+01CF (decimal 463)
   defining Unicode char U+01D0 (decimal 464)
   defining Unicode char U+01D1 (decimal 465)
   defining Unicode char U+01D2 (decimal 466)
   defining Unicode char U+01D3 (decimal 467)
   defining Unicode char U+01D4 (decimal 468)
   defining Unicode char U+01E2 (decimal 482)
   defining Unicode char U+01E3 (decimal 483)
   defining Unicode char U+01E6 (decimal 486)
   defining Unicode char U+01E7 (decimal 487)
   defining Unicode char U+01E8 (decimal 488)
   defining Unicode char U+01E9 (decimal 489)
   defining Unicode char U+01EA (decimal 490)
   defining Unicode char U+01EB (decimal 491)
   defining Unicode char U+01F0 (decimal 496)
   defining Unicode char U+01F4 (decimal 500)
   defining Unicode char U+01F5 (decimal 501)
   defining Unicode char U+0218 (decimal 536)
   defining Unicode char U+0219 (decimal 537)
   defining Unicode char U+021A (decimal 538)
   defining Unicode char U+021B (decimal 539)
   defining Unicode char U+0232 (decimal 562)
   defining Unicode char U+0233 (decimal 563)
   defining Unicode char U+1E02 (decimal 7682)
   defining Unicode char U+1E03 (decimal 7683)
   defining Unicode char U+200C (decimal 8204)
   defining Unicode char U+2010 (decimal 8208)
   defining Unicode char U+2011 (decimal 8209)
   defining Unicode char U+2012 (decimal 8210)
   defining Unicode char U+2013 (decimal 8211)
   defining Unicode char U+2014 (decimal 8212)
   defining Unicode char U+2015 (decimal 8213)
   defining Unicode char U+2018 (decimal 8216)
   defining Unicode char U+2019 (decimal 8217)
   defining Unicode char U+201A (decimal 8218)
   defining Unicode char U+201C (decimal 8220)
   defining Unicode char U+201D (decimal 8221)
   defining Unicode char U+201E (decimal 8222)
   defining Unicode char U+2030 (decimal 8240)
   defining Unicode char U+2031 (decimal 8241)
   defining Unicode char U+2039 (decimal 8249)
   defining Unicode char U+203A (decimal 8250)
   defining Unicode char U+2423 (decimal 9251)
   defining Unicode char U+1E20 (decimal 7712)
   defining Unicode char U+1E21 (decimal 7713)
)
Now handling font encoding OT1 ...
... processing UTF-8 mapping file for font encoding OT1

(/usr/local/texlive/2017/texmf-dist/tex/latex/base/ot1enc.dfu
File: ot1enc.dfu 2017/01/28 v1.1t UTF-8 support for inputenc
   defining Unicode char U+00A0 (decimal 160)
   defining Unicode char U+00A1 (decimal 161)
   defining Unicode char U+00A3 (decimal 163)
   defining Unicode char U+00AD (decimal 173)
   defining Unicode char U+00B8 (decimal 184)
   defining Unicode char U+00BF (decimal 191)
   defining Unicode char U+00C5 (decimal 197)
   defining Unicode char U+00C6 (decimal 198)
   defining Unicode char U+00D8 (decimal 216)
   defining Unicode char U+00DF (decimal 223)
   defining Unicode char U+00E6 (decimal 230)
   defining Unicode char U+00EC (decimal 236)
   defining Unicode char U+00ED (decimal 237)
   defining Unicode char U+00EE (decimal 238)
   defining Unicode char U+00EF (decimal 239)
   defining Unicode char U+00F8 (decimal 248)
   defining Unicode char U+0131 (decimal 305)
   defining Unicode char U+0141 (decimal 321)
   defining Unicode char U+0142 (decimal 322)
   defining Unicode char U+0152 (decimal 338)
   defining Unicode char U+0153 (decimal 339)
   defining Unicode char U+0174 (decimal 372)
   defining Unicode char U+0175 (decimal 373)
   defining Unicode char U+0176 (decimal 374)
   defining Unicode char U+0177 (decimal 375)
   defining Unicode char U+0218 (decimal 536)
   defining Unicode char U+0219 (decimal 537)
   defining Unicode char U+021A (decimal 538)
   defining Unicode char U+021B (decimal 539)
   defining Unicode char U+2013 (decimal 8211)
   defining Unicode char U+2014 (decimal 8212)
   defining Unicode char U+2018 (decimal 8216)
   defining Unicode char U+2019 (decimal 8217)
   defining Unicode char U+201C (decimal 8220)
   defining Unicode char U+201D (decimal 8221)
)
Now handling font encoding OMS ...
... processing UTF-8 mapping file for font encoding OMS

(/usr/local/texlive/2017/texmf-dist/tex/latex/base/omsenc.dfu
File: omsenc.dfu 2017/01/28 v1.1t UTF-8 support for inputenc
   defining Unicode char U+00A7 (decimal 167)
   defining Unicode char U+00B6 (decimal 182)
   defining Unicode char U+00B7 (decimal 183)
   defining Unicode char U+2020 (decimal 8224)
   defining Unicode char U+2021 (decimal 8225)
   defining Unicode char U+2022 (decimal 8226)
)
Now handling font encoding OMX ...
... no UTF-8 mapping file for font encoding OMX
Now handling font encoding U ...
... no UTF-8 mapping file for font encoding U
   defining Unicode char U+00A9 (decimal 169)
   defining Unicode char U+00AA (decimal 170)
   defining Unicode char U+00AE (decimal 174)
   defining Unicode char U+00BA (decimal 186)
   defining Unicode char U+02C6 (decimal 710)
   defining Unicode char U+02DC (decimal 732)
   defining Unicode char U+200C (decimal 8204)
   defining Unicode char U+2026 (decimal 8230)
   defining Unicode char U+2122 (decimal 8482)
   defining Unicode char U+2423 (decimal 9251)
))
(/usr/local/texlive/2017/texmf-dist/tex/latex/amsmath/amsmath.sty
Package: amsmath 2016/11/05 v2.16a AMS math features
\@mathmargin=\skip43

For additional information on amsmath, use the `?' option.
(/usr/local/texlive/2017/texmf-dist/tex/latex/amsmath/amstext.sty
Package: amstext 2000/06/29 v2.01 AMS text

(/usr/local/texlive/2017/texmf-dist/tex/latex/amsmath/amsgen.sty
File: amsgen.sty 1999/11/30 v2.0 generic functions
\@emptytoks=\toks16
\ex@=\dimen103
))
(/usr/local/texlive/2017/texmf-dist/tex/latex/amsmath/amsbsy.sty
Package: amsbsy 1999/11/29 v1.2d Bold Symbols
\pmbraise@=\dimen104
)
(/usr/local/texlive/2017/texmf-dist/tex/latex/amsmath/amsopn.sty
Package: amsopn 2016/03/08 v2.02 operator names
)
\inf@bad=\count87
LaTeX Info: Redefining \frac on input line 213.
\uproot@=\count88
\leftroot@=\count89
LaTeX Info: Redefining \overline on input line 375.
\classnum@=\count90
\DOTSCASE@=\count91
LaTeX Info: Redefining \ldots on input line 472.
LaTeX Info: Redefining \dots on input line 475.
LaTeX Info: Redefining \cdots on input line 596.
\Mathstrutbox@=\box26
\strutbox@=\box27
\big@size=\dimen105
LaTeX Font Info:    Redeclaring font encoding OML on input line 712.
LaTeX Font Info:    Redeclaring font encoding OMS on input line 713.
\macc@depth=\count92
\c@MaxMatrixCols=\count93
\dotsspace@=\muskip10
\c@parentequation=\count94
\dspbrk@lvl=\count95
\tag@help=\toks17
\row@=\count96
\column@=\count97
\maxfields@=\count98
\andhelp@=\toks18
\eqnshift@=\dimen106
\alignsep@=\dimen107
\tagshift@=\dimen108
\tagwidth@=\dimen109
\totwidth@=\dimen110
\lineht@=\dimen111
\@envbody=\toks19
\multlinegap=\skip44
\multlinetaggap=\skip45
\mathdisplay@stack=\toks20
LaTeX Info: Redefining \[ on input line 2817.
LaTeX Info: Redefining \] on input line 2818.
)
(/usr/local/texlive/2017/texmf-dist/tex/latex/amsfonts/amsfonts.sty
Package: amsfonts 2013/01/14 v3.01 Basic AMSFonts support
\symAMSa=\mathgroup4
\symAMSb=\mathgroup5
LaTeX Font Info:    Overwriting math alphabet `\mathfrak' in version `bold'
(Font)                  U/euf/m/n --> U/euf/b/n on input line 106.
)
(/usr/local/texlive/2017/texmf-dist/tex/latex/amsfonts/amssymb.sty
Package: amssymb 2013/01/14 v3.01 AMS font symbols
)
(/usr/local/texlive/2017/texmf-dist/tex/latex/graphics/graphicx.sty
Package: graphicx 2014/10/28 v1.0g Enhanced LaTeX Graphics (DPC,SPQR)

(/usr/local/texlive/2017/texmf-dist/tex/latex/graphics/keyval.sty
Package: keyval 2014/10/28 v1.15 key=value parser (DPC)
\KV@toks@=\toks21
)
(/usr/local/texlive/2017/texmf-dist/tex/latex/graphics/graphics.sty
Package: graphics 2017/04/14 v1.1b Standard LaTeX Graphics (DPC,SPQR)

(/usr/local/texlive/2017/texmf-dist/tex/latex/graphics/trig.sty
Package: trig 2016/01/03 v1.10 sin cos tan (DPC)
)
(/usr/local/texlive/2017/texmf-dist/tex/latex/graphics-cfg/graphics.cfg
File: graphics.cfg 2016/06/04 v1.11 sample graphics configuration
)
Package graphics Info: Driver file: pdftex.def on input line 99.

(/usr/local/texlive/2017/texmf-dist/tex/latex/graphics-def/pdftex.def
File: pdftex.def 2017/01/12 v0.06k Graphics/color for pdfTeX

(/usr/local/texlive/2017/texmf-dist/tex/generic/oberdiek/infwarerr.sty
Package: infwarerr 2016/05/16 v1.4 Providing info/warning/error messages (HO)
)
(/usr/local/texlive/2017/texmf-dist/tex/generic/oberdiek/ltxcmds.sty
Package: ltxcmds 2016/05/16 v1.23 LaTeX kernel commands for general use (HO)
)
\Gread@gobject=\count99
))
\Gin@req@height=\dimen112
\Gin@req@width=\dimen113
)
(/usr/local/texlive/2017/texmf-dist/tex/latex/listings/listings.sty
\lst@mode=\count100
\lst@gtempboxa=\box28
\lst@token=\toks22
\lst@length=\count101
\lst@currlwidth=\dimen114
\lst@column=\count102
\lst@pos=\count103
\lst@lostspace=\dimen115
\lst@width=\dimen116
\lst@newlines=\count104
\lst@lineno=\count105
\lst@maxwidth=\dimen117

(/usr/local/texlive/2017/texmf-dist/tex/latex/listings/lstmisc.sty
File: lstmisc.sty 2015/06/04 1.6 (Carsten Heinz)
\c@lstnumber=\count106
\lst@skipnumbers=\count107
\lst@framebox=\box29
)
(/usr/local/texlive/2017/texmf-dist/tex/latex/listings/listings.cfg
File: listings.cfg 2015/06/04 1.6 listings configuration
))
Package: listings 2015/06/04 1.6 (Carsten Heinz)

(/usr/local/texlive/2017/texmf-dist/tex/latex/geometry/geometry.sty
Package: geometry 2010/09/12 v5.6 Page Geometry

(/usr/local/texlive/2017/texmf-dist/tex/generic/oberdiek/ifpdf.sty
Package: ifpdf 2017/03/15 v3.2 Provides the ifpdf switch
)
(/usr/local/texlive/2017/texmf-dist/tex/generic/oberdiek/ifvtex.sty
Package: ifvtex 2016/05/16 v1.6 Detect VTeX and its facilities (HO)
Package ifvtex Info: VTeX not detected.
)
(/usr/local/texlive/2017/texmf-dist/tex/generic/ifxetex/ifxetex.sty
Package: ifxetex 2010/09/12 v0.6 Provides ifxetex conditional
)
\Gm@cnth=\count108
\Gm@cntv=\count109
\c@Gm@tempcnt=\count110
\Gm@bindingoffset=\dimen118
\Gm@wd@mp=\dimen119
\Gm@odd@mp=\dimen120
\Gm@even@mp=\dimen121
\Gm@layoutwidth=\dimen122
\Gm@layoutheight=\dimen123
\Gm@layouthoffset=\dimen124
\Gm@layoutvoffset=\dimen125
\Gm@dimlist=\toks23
)
(/usr/local/texlive/2017/texmf-dist/tex/latex/caption/caption.sty
Package: caption 2016/02/21 v3.3-144 Customizing captions (AR)

(/usr/local/texlive/2017/texmf-dist/tex/latex/caption/caption3.sty
Package: caption3 2016/05/22 v1.7-166 caption3 kernel (AR)
Package caption3 Info: TeX engine: e-TeX on input line 67.
\captionmargin=\dimen126
\captionmargin@=\dimen127
\captionwidth=\dimen128
\caption@tempdima=\dimen129
\caption@indent=\dimen130
\caption@parindent=\dimen131
\caption@hangindent=\dimen132
)
\c@ContinuedFloat=\count111
Package caption Info: listings package is loaded.
)
(/usr/local/texlive/2017/texmf-dist/tex/latex/caption/subcaption.sty
Package: subcaption 2016/05/22 v1.1-161 Sub-captions (AR)
\c@subfigure=\count112
\c@subtable=\count113
)
(/usr/local/texlive/2017/texmf-dist/tex/latex/float/float.sty
Package: float 2001/11/08 v1.3d Float enhancements (AL)
\c@float@type=\count114
\float@exts=\toks24
\float@box=\box30
\@float@everytoks=\toks25
\@floatcapt=\box31
)
(/usr/local/texlive/2017/texmf-dist/tex/latex/refstyle/refstyle.sty
Package: refstyle 2010/11/02 v0.5 Reference formatting (DNJ Els)
Package refstyle Info: Config file refstyle.cfg used on input line 322.

(/usr/local/texlive/2017/texmf-dist/tex/latex/refstyle/refstyle.cfg
File: refstyle.cfg 2010/11/02 0.5 Configuration file for refstyle (DNJ Els)
Package refstyle Info: New reference template \newref{part} on input line 468.
Package refstyle Info: \partkey created on input line 468.
Package refstyle Info: \partlabel created on input line 468.
Package refstyle Info: \partref created on input line 468.
Package refstyle Info: \Partref created on input line 468.
Package refstyle Info: \partrangeref created on input line 468.
Package refstyle Info: \Partrangeref created on input line 468.
Package refstyle Info: \partpageref created on input line 468.
Package refstyle Info: New reference template \newref{chap} on input line 501.
Package refstyle Info: \chapkey created on input line 501.
Package refstyle Info: \chaplabel created on input line 501.
Package refstyle Info: \chapref created on input line 501.
Package refstyle Info: \Chapref created on input line 501.
Package refstyle Info: \chaprangeref created on input line 501.
Package refstyle Info: \Chaprangeref created on input line 501.
Package refstyle Info: \chappageref created on input line 501.
Package refstyle Info: New reference template \newref{sec} on input line 511.
Package refstyle Info: \seckey created on input line 511.
Package refstyle Info: \seclabel created on input line 511.
Package refstyle Info: \secref created on input line 511.
Package refstyle Info: \Secref created on input line 511.
Package refstyle Info: \secrangeref created on input line 511.
Package refstyle Info: \Secrangeref created on input line 511.
Package refstyle Info: \secpageref created on input line 511.
Package refstyle Info: New reference template \newref{eq} on input line 526.
Package refstyle Info: \eqkey created on input line 526.
Package refstyle Info: \eqlabel created on input line 526.
Package refstyle Info: \eqref created on input line 526.
Package refstyle Info: \Eqref created on input line 526.
Package refstyle Info: \eqrangeref created on input line 526.
Package refstyle Info: \Eqrangeref created on input line 526.
Package refstyle Info: \eqpageref created on input line 526.
Package refstyle Info: New reference template \newref{fig} on input line 544.
Package refstyle Info: \figkey created on input line 544.
Package refstyle Info: \figlabel created on input line 544.
Package refstyle Info: \figref created on input line 544.
Package refstyle Info: \Figref created on input line 544.
Package refstyle Info: \figrangeref created on input line 544.
Package refstyle Info: \Figrangeref created on input line 544.
Package refstyle Info: \figpageref created on input line 544.
Package refstyle Info: New reference template \newref{tab} on input line 553.
Package refstyle Info: \tabkey created on input line 553.
Package refstyle Info: \tablabel created on input line 553.
Package refstyle Info: \tabref created on input line 553.
Package refstyle Info: \Tabref created on input line 553.
Package refstyle Info: \tabrangeref created on input line 553.
Package refstyle Info: \Tabrangeref created on input line 553.
Package refstyle Info: \tabpageref created on input line 553.
Package refstyle Info: New reference template \newref{fn} on input line 568.
Package refstyle Info: \fnkey created on input line 568.
Package refstyle Info: \fnlabel created on input line 568.
Package refstyle Info: \fnref created on input line 568.
Package refstyle Info: \Fnref created on input line 568.
Package refstyle Info: \fnrangeref created on input line 568.
Package refstyle Info: \Fnrangeref created on input line 568.
Package refstyle Info: \fnpageref created on input line 568.
))
(/usr/local/texlive/2017/texmf-dist/tex/latex/wrapfig/wrapfig.sty
\wrapoverhang=\dimen133
\WF@size=\dimen134
\c@WF@wrappedlines=\count115
\WF@box=\box32
\WF@everypar=\toks26
Package: wrapfig 2003/01/31  v 3.6
)
(/usr/local/texlive/2017/texmf-dist/tex/latex/comment/comment.sty
\CommentStream=\write3

Excluding comment 'comment')
(/usr/local/texlive/2017/texmf-dist/tex/latex/hyperref/hyperref.sty
Package: hyperref 2017/03/14 v6.85a Hypertext links for LaTeX

(/usr/local/texlive/2017/texmf-dist/tex/generic/oberdiek/hobsub-hyperref.sty
Package: hobsub-hyperref 2016/05/16 v1.14 Bundle oberdiek, subset hyperref (HO)


(/usr/local/texlive/2017/texmf-dist/tex/generic/oberdiek/hobsub-generic.sty
Package: hobsub-generic 2016/05/16 v1.14 Bundle oberdiek, subset generic (HO)
Package: hobsub 2016/05/16 v1.14 Construct package bundles (HO)
Package hobsub Info: Skipping package `infwarerr' (already loaded).
Package hobsub Info: Skipping package `ltxcmds' (already loaded).
Package: ifluatex 2016/05/16 v1.4 Provides the ifluatex switch (HO)
Package ifluatex Info: LuaTeX not detected.
Package hobsub Info: Skipping package `ifvtex' (already loaded).
Package: intcalc 2016/05/16 v1.2 Expandable calculations with integers (HO)
Package hobsub Info: Skipping package `ifpdf' (already loaded).
Package: etexcmds 2016/05/16 v1.6 Avoid name clashes with e-TeX commands (HO)
Package etexcmds Info: Could not find \expanded.
(etexcmds)             That can mean that you are not using pdfTeX 1.50 or
(etexcmds)             that some package has redefined \expanded.
(etexcmds)             In the latter case, load this package earlier.
Package: kvsetkeys 2016/05/16 v1.17 Key value parser (HO)
Package: kvdefinekeys 2016/05/16 v1.4 Define keys (HO)
Package: pdftexcmds 2017/03/19 v0.25 Utility functions of pdfTeX for LuaTeX (HO
)
Package pdftexcmds Info: LuaTeX not detected.
Package pdftexcmds Info: \pdf@primitive is available.
Package pdftexcmds Info: \pdf@ifprimitive is available.
Package pdftexcmds Info: \pdfdraftmode found.
Package: pdfescape 2016/05/16 v1.14 Implements pdfTeX's escape features (HO)
Package: bigintcalc 2016/05/16 v1.4 Expandable calculations on big integers (HO
)
Package: bitset 2016/05/16 v1.2 Handle bit-vector datatype (HO)
Package: uniquecounter 2016/05/16 v1.3 Provide unlimited unique counter (HO)
)
Package hobsub Info: Skipping package `hobsub' (already loaded).
Package: letltxmacro 2016/05/16 v1.5 Let assignment for LaTeX macros (HO)
Package: hopatch 2016/05/16 v1.3 Wrapper for package hooks (HO)
Package: xcolor-patch 2016/05/16 xcolor patch
Package: atveryend 2016/05/16 v1.9 Hooks at the very end of document (HO)
Package atveryend Info: \enddocument detected (standard20110627).
Package: atbegshi 2016/06/09 v1.18 At begin shipout hook (HO)
Package: refcount 2016/05/16 v3.5 Data extraction from label references (HO)
Package: hycolor 2016/05/16 v1.8 Color options for hyperref/bookmark (HO)
)
(/usr/local/texlive/2017/texmf-dist/tex/latex/oberdiek/auxhook.sty
Package: auxhook 2016/05/16 v1.4 Hooks for auxiliary files (HO)
)
(/usr/local/texlive/2017/texmf-dist/tex/latex/oberdiek/kvoptions.sty
Package: kvoptions 2016/05/16 v3.12 Key value format for package options (HO)
)
\@linkdim=\dimen135
\Hy@linkcounter=\count116
\Hy@pagecounter=\count117

(/usr/local/texlive/2017/texmf-dist/tex/latex/hyperref/pd1enc.def
File: pd1enc.def 2017/03/14 v6.85a Hyperref: PDFDocEncoding definition (HO)
Now handling font encoding PD1 ...
... no UTF-8 mapping file for font encoding PD1
)
\Hy@SavedSpaceFactor=\count118

(/usr/local/texlive/2017/texmf-dist/tex/latex/latexconfig/hyperref.cfg
File: hyperref.cfg 2002/06/06 v1.2 hyperref configuration of TeXLive
)
Package hyperref Info: Hyper figures OFF on input line 4498.
Package hyperref Info: Link nesting OFF on input line 4503.
Package hyperref Info: Hyper index ON on input line 4506.
Package hyperref Info: Plain pages OFF on input line 4513.
Package hyperref Info: Backreferencing OFF on input line 4518.
Package hyperref Info: Implicit mode ON; LaTeX internals redefined.
Package hyperref Info: Bookmarks ON on input line 4751.
\c@Hy@tempcnt=\count119

(/usr/local/texlive/2017/texmf-dist/tex/latex/url/url.sty
\Urlmuskip=\muskip11
Package: url 2013/09/16  ver 3.4  Verb mode for urls, etc.
)
LaTeX Info: Redefining \url on input line 5104.
\XeTeXLinkMargin=\dimen136
\Fld@menulength=\count120
\Field@Width=\dimen137
\Fld@charsize=\dimen138
Package hyperref Info: Hyper figures OFF on input line 6358.
Package hyperref Info: Link nesting OFF on input line 6363.
Package hyperref Info: Hyper index ON on input line 6366.
Package hyperref Info: backreferencing OFF on input line 6373.
Package hyperref Info: Link coloring OFF on input line 6378.
Package hyperref Info: Link coloring with OCG OFF on input line 6383.
Package hyperref Info: PDF/A mode OFF on input line 6388.
LaTeX Info: Redefining \ref on input line 6428.
LaTeX Info: Redefining \pageref on input line 6432.
\Hy@abspage=\count121
\c@Item=\count122
\c@Hfootnote=\count123
)

Package hyperref Message: Driver (autodetected): hpdftex.

(/usr/local/texlive/2017/texmf-dist/tex/latex/hyperref/hpdftex.def
File: hpdftex.def 2017/03/14 v6.85a Hyperref driver for pdfTeX
\Fld@listcount=\count124
\c@bookmark@seq@number=\count125

(/usr/local/texlive/2017/texmf-dist/tex/latex/oberdiek/rerunfilecheck.sty
Package: rerunfilecheck 2016/05/16 v1.8 Rerun checks for auxiliary files (HO)
Package uniquecounter Info: New unique counter `rerunfilecheck' on input line 2
82.
)
\Hy@SectionHShift=\skip46
)
(/usr/local/texlive/2017/texmf-dist/tex/latex/listings/lstlang1.sty
File: lstlang1.sty 2015/06/04 1.6 listings language file
)
(/usr/local/texlive/2017/texmf-dist/tex/latex/setspace/setspace.sty
Package: setspace 2011/12/19 v6.7a set line spacing
)
(/usr/local/texlive/2017/texmf-dist/tex/latex/tools/bm.sty
Package: bm 2017/01/16 v1.2c Bold Symbol Support (DPC/FMi)
\symboldoperators=\mathgroup6
\symboldletters=\mathgroup7
\symboldsymbols=\mathgroup8
LaTeX Font Info:    Redeclaring math alphabet \mathbf on input line 141.
LaTeX Info: Redefining \bm on input line 207.
) (./promaxlab.aux)
\openout1 = `promaxlab.aux'.

LaTeX Font Info:    Checking defaults for OML/cmm/m/it on input line 50.
LaTeX Font Info:    ... okay on input line 50.
LaTeX Font Info:    Checking defaults for T1/cmr/m/n on input line 50.
LaTeX Font Info:    ... okay on input line 50.
LaTeX Font Info:    Checking defaults for OT1/cmr/m/n on input line 50.
LaTeX Font Info:    ... okay on input line 50.
LaTeX Font Info:    Checking defaults for OMS/cmsy/m/n on input line 50.
LaTeX Font Info:    ... okay on input line 50.
LaTeX Font Info:    Checking defaults for OMX/cmex/m/n on input line 50.
LaTeX Font Info:    ... okay on input line 50.
LaTeX Font Info:    Checking defaults for U/cmr/m/n on input line 50.
LaTeX Font Info:    ... okay on input line 50.
LaTeX Font Info:    Checking defaults for PD1/pdf/m/n on input line 50.
LaTeX Font Info:    ... okay on input line 50.

(/usr/local/texlive/2017/texmf-dist/tex/context/base/mkii/supp-pdf.mkii
[Loading MPS to PDF converter (version 2006.09.02).]
\scratchcounter=\count126
\scratchdimen=\dimen139
\scratchbox=\box33
\nofMPsegments=\count127
\nofMParguments=\count128
\everyMPshowfont=\toks27
\MPscratchCnt=\count129
\MPscratchDim=\dimen140
\MPnumerator=\count130
\makeMPintoPDFobject=\count131
\everyMPtoPDFconversion=\toks28
) (/usr/local/texlive/2017/texmf-dist/tex/latex/oberdiek/epstopdf-base.sty
Package: epstopdf-base 2016/05/15 v2.6 Base part for package epstopdf

(/usr/local/texlive/2017/texmf-dist/tex/latex/oberdiek/grfext.sty
Package: grfext 2016/05/16 v1.2 Manage graphics extensions (HO)
)
Package epstopdf-base Info: Redefining graphics rule for `.eps' on input line 4
38.
Package grfext Info: Graphics extension search list:
(grfext)             [.png,.pdf,.jpg,.mps,.jpeg,.jbig2,.jb2,.PNG,.PDF,.JPG,.JPE
G,.JBIG2,.JB2,.eps]
(grfext)             \AppendGraphicsExtensions on input line 456.

(/usr/local/texlive/2017/texmf-dist/tex/latex/latexconfig/epstopdf-sys.cfg
File: epstopdf-sys.cfg 2010/07/13 v1.3 Configuration of (r)epstopdf for TeX Liv
e
))
\c@lstlisting=\count132

*geometry* driver: auto-detecting
*geometry* detected driver: pdftex
*geometry* verbose mode - [ preamble ] result:
* driver: pdftex
* paper: a4paper
* layout: <same size as paper>
* layoutoffset:(h,v)=(0.0pt,0.0pt)
* modes: 
* h-part:(L,W,R)=(72.26999pt, 452.9679pt, 72.26999pt)
* v-part:(T,H,B)=(72.26999pt, 700.50687pt, 72.26999pt)
* \paperwidth=597.50787pt
* \paperheight=845.04684pt
* \textwidth=452.9679pt
* \textheight=700.50687pt
* \oddsidemargin=0.0pt
* \evensidemargin=0.0pt
* \topmargin=-37.0pt
* \headheight=12.0pt
* \headsep=25.0pt
* \topskip=10.0pt
* \footskip=30.0pt
* \marginparwidth=57.0pt
* \marginparsep=11.0pt
* \columnsep=10.0pt
* \skip\footins=9.0pt plus 4.0pt minus 2.0pt
* \hoffset=0.0pt
* \voffset=0.0pt
* \mag=1000
* \@twocolumnfalse
* \@twosidefalse
* \@mparswitchfalse
* \@reversemarginfalse
* (1in=72.27pt=25.4mm, 1cm=28.453pt)

Package caption Info: Begin \AtBeginDocument code.
Package caption Info: float package is loaded.
Package caption Info: hyperref package is loaded.
Package caption Info: wrapfig package is loaded.
Package caption Info: End \AtBeginDocument code.
\AtBeginShipoutBox=\box34
Package hyperref Info: Link coloring OFF on input line 50.
(/usr/local/texlive/2017/texmf-dist/tex/latex/hyperref/nameref.sty
Package: nameref 2016/05/21 v2.44 Cross-referencing by name of section

(/usr/local/texlive/2017/texmf-dist/tex/generic/oberdiek/gettitlestring.sty
Package: gettitlestring 2016/05/16 v1.5 Cleanup title references (HO)
)
\c@section@level=\count133
)
LaTeX Info: Redefining \ref on input line 50.
LaTeX Info: Redefining \pageref on input line 50.
LaTeX Info: Redefining \nameref on input line 50.

(./promaxlab.out) (./promaxlab.out)
\@outlinefile=\write4
\openout4 = `promaxlab.out'.


<UiO.png, id=4, 1906.12125pt x 1906.12125pt>
File: UiO.png Graphic file (type png)
 <use UiO.png>
Package pdftex.def Info: UiO.png used on input line 56.
(pdftex.def)             Requested size: 190.62329pt x 190.62329pt.
 [1

{/usr/local/texlive/2017/texmf-var/fonts/map/pdftex/updmap/pdftex.map} <./UiO.p
ng>]

Package hyperref Warning: old toc file detected, not used; run LaTeX again.

\tf@toc=\write5
\openout5 = `promaxlab.toc'.

[2] <wf3.png, id=19, 436.63126pt x 511.9125pt>
File: wf3.png Graphic file (type png)
 <use wf3.png>
Package pdftex.def Info: wf3.png used on input line 80.
(pdftex.def)             Requested size: 436.63019pt x 511.91125pt.
 [3]
LaTeX Font Info:    Try loading font information for U+msa on input line 86.

(/usr/local/texlive/2017/texmf-dist/tex/latex/amsfonts/umsa.fd
File: umsa.fd 2013/01/14 v3.01 AMS symbols A
)
LaTeX Font Info:    Try loading font information for U+msb on input line 86.

(/usr/local/texlive/2017/texmf-dist/tex/latex/amsfonts/umsb.fd
File: umsb.fd 2013/01/14 v3.01 AMS symbols B
)

LaTeX Warning: Reference `wf' on page 4 undefined on input line 88.


LaTeX Warning: Reference `fig1' on page 4 undefined on input line 92.

[4 <./wf3.png>] <fig1.png, id=34, 251.0178pt x 279.444pt>
File: fig1.png Graphic file (type png)
 <use fig1.png>
Package pdftex.def Info: fig1.png used on input line 95.
(pdftex.def)             Requested size: 251.01718pt x 279.44331pt.


LaTeX Warning: Reference `fig2' on page 5 undefined on input line 102.

<fig2.png, id=35, 1606.3212pt x 799.3062pt>
File: fig2.png Graphic file (type png)
 <use fig2.png>
Package pdftex.def Info: fig2.png used on input line 105.
(pdftex.def)             Requested size: 452.9679pt x 225.38974pt.
 [5 <./fig1.png>]

LaTeX Warning: Reference `fig3' on page 6 undefined on input line 117.

LaTeX Font Info:    Try loading font information for OMS+cmr on input line 120.

(/usr/local/texlive/2017/texmf-dist/tex/latex/base/omscmr.fd
File: omscmr.fd 2014/09/29 v2.5h Standard LaTeX font definitions
)
LaTeX Font Info:    Font shape `OMS/cmr/m/n' in size <10> not available
(Font)              Font shape `OMS/cmsy/m/n' tried instead on input line 120.
 [6 <./fig2.png>]

LaTeX Warning: Reference `fig4' on page 7 undefined on input line 144.


Underfull \hbox (badness 10000) in paragraph at lines 134--145

 []


Underfull \hbox (badness 10000) in paragraph at lines 134--145

 []

<fig3.png, id=54, 1606.3212pt x 1004.0712pt>
File: fig3.png Graphic file (type png)
 <use fig3.png>
Package pdftex.def Info: fig3.png used on input line 148.
(pdftex.def)             Requested size: 452.9679pt x 271.07405pt.
 [7]
<fig4.png, id=63, 1606.3212pt x 1004.0712pt>
File: fig4.png Graphic file (type png)
 <use fig4.png>
Package pdftex.def Info: fig4.png used on input line 154.
(pdftex.def)             Requested size: 452.9679pt x 271.07405pt.


LaTeX Warning: Reference `fig3' on page 8 undefined on input line 160.


LaTeX Warning: Reference `fig4' on page 8 undefined on input line 160.


LaTeX Warning: Reference `fig4' on page 8 undefined on input line 160.


LaTeX Warning: Reference `fig5' on page 8 undefined on input line 160.

[8 <./fig3.png> <./fig4.png>]

LaTeX Warning: Reference `fig5' on page 9 undefined on input line 168.

<fig5.png, id=75, 2833.58624pt x 2119.92pt>
File: fig5.png Graphic file (type png)
 <use fig5.png>
Package pdftex.def Info: fig5.png used on input line 172.
(pdftex.def)             Requested size: 452.9679pt x 338.87065pt.
 [9]

LaTeX Warning: Reference `fig6' on page 10 undefined on input line 178.

<fig6.png, id=82, 1606.3212pt x 1004.0712pt>
File: fig6.png Graphic file (type png)
 <use fig6.png>
Package pdftex.def Info: fig6.png used on input line 181.
(pdftex.def)             Requested size: 452.9679pt x 271.07405pt.
 [10 <./fig5.png>]

LaTeX Warning: Reference `fig7' on page 11 undefined on input line 188.


LaTeX Warning: Reference `fig8' on page 11 undefined on input line 188.

<fig7ekte.png, id=89, 770.88pt x 195.73125pt>
File: fig7ekte.png Graphic file (type png)
 <use fig7ekte.png>
Package pdftex.def Info: fig7ekte.png used on input line 192.
(pdftex.def)             Requested size: 452.9679pt x 115.01152pt.

<fig8.png, id=90, 791.20593pt x 358.33875pt>
File: fig8.png Graphic file (type png)
 <use fig8.png>
Package pdftex.def Info: fig8.png used on input line 200.
(pdftex.def)             Requested size: 452.9679pt x 205.15193pt.
 [11 <./fig6.png> <./fig7ekte.png>]

LaTeX Warning: Reference `fig9' on page 12 undefined on input line 210.

<fig9.png, id=99, 1058.9964pt x 459.1554pt>
File: fig9.png Graphic file (type png)
 <use fig9.png>
Package pdftex.def Info: fig9.png used on input line 213.
(pdftex.def)             Requested size: 452.9679pt x 196.39606pt.
 [12 <./fig8.png>]

LaTeX Warning: Reference `fig10' on page 13 undefined on input line 219.

<fig10.png, id=106, 340.6326pt x 211.0284pt>
File: fig10.png Graphic file (type png)
 <use fig10.png>
Package pdftex.def Info: fig10.png used on input line 222.
(pdftex.def)             Requested size: 452.9679pt x 280.6256pt.

<fig11.png, id=107, 1606.3212pt x 1004.0712pt>
File: fig11.png Graphic file (type png)
 <use fig11.png>
Package pdftex.def Info: fig11.png used on input line 229.
(pdftex.def)             Requested size: 452.9679pt x 271.07405pt.
 [13 <./fig9.png> <./fig10.png>]

LaTeX Warning: Reference `fig11' on page 14 undefined on input line 234.


LaTeX Warning: Reference `fig12' on page 14 undefined on input line 236.


LaTeX Warning: Reference `fig13' on page 14 undefined on input line 236.


LaTeX Warning: Reference `fig14' on page 14 undefined on input line 236.

<fig12.png, id=118, 1606.3212pt x 800.2698pt>
File: fig12.png Graphic file (type png)
 <use fig12.png>
Package pdftex.def Info: fig12.png used on input line 239.
(pdftex.def)             Requested size: 452.9679pt x 225.66145pt.

<fig13.png, id=119, 1606.3212pt x 785.334pt>
File: fig13.png Graphic file (type png)
 <use fig13.png>
Package pdftex.def Info: fig13.png used on input line 245.
(pdftex.def)             Requested size: 452.9679pt x 221.44984pt.


LaTeX Warning: Reference `fig14' on page 14 undefined on input line 246.


LaTeX Warning: Reference `fig14' on page 14 undefined on input line 246.

[14 <./fig11.png> <./fig12.png>] <fig14.png, id=129, 1606.3212pt x 333.4056pt>
File: fig14.png Graphic file (type png)

<use fig14.png>
Package pdftex.def Info: fig14.png used on input line 251.
(pdftex.def)             Requested size: 452.9679pt x 94.01428pt.


LaTeX Warning: Reference `fig15' on page 15 undefined on input line 269.


LaTeX Warning: Reference `fig16' on page 15 undefined on input line 269.

[15 <./fig13.png> <./fig14.png>]
<fig15.png, id=139, 1606.3212pt x 1004.0712pt>
File: fig15.png Graphic file (type png)
 <use fig15.png>
Package pdftex.def Info: fig15.png used on input line 273.
(pdftex.def)             Requested size: 452.9679pt x 271.07405pt.

<fig16.png, id=141, 1606.3212pt x 1004.0712pt>
File: fig16.png Graphic file (type png)
 <use fig16.png>
Package pdftex.def Info: fig16.png used on input line 279.
(pdftex.def)             Requested size: 452.9679pt x 271.07405pt.
 [16 <./fig15.png>]

LaTeX Warning: Reference `fig17' on page 17 undefined on input line 284.

<fig17.png, id=150, 597.432pt x 264.0264pt>
File: fig17.png Graphic file (type png)
 <use fig17.png>
Package pdftex.def Info: fig17.png used on input line 288.
(pdftex.def)             Requested size: 452.9679pt x 200.18675pt.
 [17 <./fig16.png>]

LaTeX Warning: Reference `18' on page 18 undefined on input line 293.


LaTeX Warning: Reference `20' on page 18 undefined on input line 293.

<fig18.png, id=159, 1606.3212pt x 623.4492pt>
File: fig18.png Graphic file (type png)
 <use fig18.png>
Package pdftex.def Info: fig18.png used on input line 296.
(pdftex.def)             Requested size: 452.9679pt x 175.80128pt.

<fig19.png, id=160, 1606.3212pt x 796.4154pt>
File: fig19.png Graphic file (type png)
 <use fig19.png>
Package pdftex.def Info: fig19.png used on input line 302.
(pdftex.def)             Requested size: 452.9679pt x 224.57458pt.


LaTeX Warning: Reference `20' on page 18 undefined on input line 303.


LaTeX Warning: Reference `20' on page 18 undefined on input line 303.

[18 <./fig17.png> <./fig18.png>] <fig20.png, id=169, 1281.1062pt x 316.5426pt>
File: fig20.png Graphic file (type png)

<use fig20.png>
Package pdftex.def Info: fig20.png used on input line 308.
(pdftex.def)             Requested size: 452.9679pt x 111.9218pt.


LaTeX Warning: Reference `NMOoverunder' on page 19 undefined on input line 326.


[19 <./fig19.png> <./fig20.png>]
<NMOcorr_over_under.PNG, id=181, 399.4925pt x 225.84375pt>
File: NMOcorr_over_under.PNG Graphic file (type png)

<use NMOcorr_over_under.PNG>
Package pdftex.def Info: NMOcorr_over_under.PNG used on input line 329.
(pdftex.def)             Requested size: 452.9679pt x 256.08609pt.


LaTeX Warning: Reference `VA870' on page 20 undefined on input line 336.


LaTeX Warning: Reference `VA1190' on page 20 undefined on input line 336.

[20 <./NMOcorr_over_under.PNG>]
<Velo_anal_870.PNG, id=189, 290.58563pt x 172.645pt>
File: Velo_anal_870.PNG Graphic file (type png)
 <use Velo_anal_870.PNG>
Package pdftex.def Info: Velo_anal_870.PNG used on input line 346.
(pdftex.def)             Requested size: 452.9679pt x 269.14069pt.

<Velo_anal_1190.PNG, id=190, 278.03876pt x 164.11313pt>
File: Velo_anal_1190.PNG Graphic file (type png)

<use Velo_anal_1190.PNG>
Package pdftex.def Info: Velo_anal_1190.PNG used on input line 352.
(pdftex.def)             Requested size: 452.9679pt x 267.3718pt.
 [21 <./Velo_anal_870.PNG>]

LaTeX Warning: Reference `NMO870' on page 22 undefined on input line 357.


LaTeX Warning: Reference `NMO1190' on page 22 undefined on input line 357.

<beforeAfter_NMOcorr_870.PNG, id=201, 182.18062pt x 275.0275pt>
File: beforeAfter_NMOcorr_870.PNG Graphic file (type png)

<use beforeAfter_NMOcorr_870.PNG>
Package pdftex.def Info: beforeAfter_NMOcorr_870.PNG used on input line 360.
(pdftex.def)             Requested size: 452.9679pt x 683.90764pt.
 [22 <./Velo_anal_1190.PNG>]
Overfull \vbox (5.40077pt too high) has occurred while \output is active []


[23 <./beforeAfter_NMOcorr_870.PNG>]
<beforeAfter_NMOcorr_1190.PNG, id=214, 213.79875pt x 315.67938pt>
File: beforeAfter_NMOcorr_1190.PNG Graphic file (type png)

<use beforeAfter_NMOcorr_1190.PNG>
Package pdftex.def Info: beforeAfter_NMOcorr_1190.PNG used on input line 366.
(pdftex.def)             Requested size: 452.9679pt x 668.871pt.


LaTeX Warning: Reference `VA870ex' on page 24 undefined on input line 371.


LaTeX Warning: Reference `VA1190ex' on page 24 undefined on input line 371.

[24 <./beforeAfter_NMOcorr_1190.PNG>]
<Velo_anal_example_870.PNG, id=221, 367.3725pt x 230.8625pt>
File: Velo_anal_example_870.PNG Graphic file (type png)

<use Velo_anal_example_870.PNG>
Package pdftex.def Info: Velo_anal_example_870.PNG used on input line 374.
(pdftex.def)             Requested size: 452.9679pt x 284.67075pt.

<Velo_anal_example_1190.PNG, id=222, 349.305pt x 221.82875pt>
File: Velo_anal_example_1190.PNG Graphic file (type png)

<use Velo_anal_example_1190.PNG>
Package pdftex.def Info: Velo_anal_example_1190.PNG used on input line 380.
(pdftex.def)             Requested size: 452.9679pt x 287.67665pt.
 [25 <./Velo_anal_example_870.PNG> <./Velo_anal_example_1190.PNG>] <Velo_anal_s
mooth.PNG, id=232, 377.91188pt x 210.28563pt>
File: Velo_anal_smooth.PNG Graphic file (type png)

<use Velo_anal_smooth.PNG>
Package pdftex.def Info: Velo_anal_smooth.PNG used on input line 390.
(pdftex.def)             Requested size: 452.9679pt x 252.0527pt.


LaTeX Warning: Reference `Smooth' on page 26 undefined on input line 395.


LaTeX Warning: Reference `NMOS' on page 26 undefined on input line 400.

<NMOcorr_stacking.PNG, id=233, 359.3425pt x 163.10938pt>
File: NMOcorr_stacking.PNG Graphic file (type png)

<use NMOcorr_stacking.PNG>
Package pdftex.def Info: NMOcorr_stacking.PNG used on input line 403.
(pdftex.def)             Requested size: 452.9679pt x 205.62341pt.
 [26 <./Velo_anal_smooth.PNG>]

LaTeX Warning: Reference `NMOoverunder' on page 27 undefined on input line 420.



LaTeX Warning: Reference `fmig' on page 27 undefined on input line 428.

<fmig.PNG, id=242, 1435.61343pt x 810.02625pt>
File: fmig.PNG Graphic file (type png)
 <use fmig.PNG>
Package pdftex.def Info: fmig.PNG used on input line 431.
(pdftex.def)             Requested size: 452.9679pt x 255.57985pt.
 [27 <./NMOcorr_stacking.PNG>]

LaTeX Warning: Reference `Types' on page 28 undefined on input line 443.

<types_of_migration.PNG, id=250, 409.02812pt x 185.19188pt>
File: types_of_migration.PNG Graphic file (type png)

<use types_of_migration.PNG>
Package pdftex.def Info: types_of_migration.PNG used on input line 446.
(pdftex.def)             Requested size: 452.9679pt x 205.09914pt.
 [28 <./fmig.PNG>]

LaTeX Warning: Reference `FDTM' on page 29 undefined on input line 462.

<FDmed3aforkirchh.PNG, id=258, 1434.10782pt x 810.02625pt>
File: FDmed3aforkirchh.PNG Graphic file (type png)

<use FDmed3aforkirchh.PNG>
Package pdftex.def Info: FDmed3aforkirchh.PNG used on input line 465.
(pdftex.def)             Requested size: 452.9679pt x 255.83942pt.
 [29 <./types_of_migration.PNG>]

LaTeX Warning: Reference `KGeoClass' on page 30 undefined on input line 472.

<kirchhoffGeoClass.PNG, id=267, 248.93pt x 152.57pt>
File: kirchhoffGeoClass.PNG Graphic file (type png)

<use kirchhoffGeoClass.PNG>
Package pdftex.def Info: kirchhoffGeoClass.PNG used on input line 475.
(pdftex.def)             Requested size: 452.9679pt x 277.64989pt.


LaTeX Warning: Reference `KTM' on page 30 undefined on input line 480.

[30 <./FDmed3aforkirchh.PNG> <./kirchhoffGeoClass.PNG>]
<kirchhmed3aforkirchh.PNG, id=277, 1432.60219pt x 809.27344pt>
File: kirchhmed3aforkirchh.PNG Graphic file (type png)

<use kirchhmed3aforkirchh.PNG>
Package pdftex.def Info: kirchhmed3aforkirchh.PNG used on input line 483.
(pdftex.def)             Requested size: 452.9679pt x 255.87332pt.
 <ny1.PNG, id=278, 524.1984pt x 295.3434pt>
File: ny1.PNG Graphic file (type png)

<use ny1.PNG>
Package pdftex.def Info: ny1.PNG used on input line 493.
(pdftex.def)             Requested size: 452.9679pt x 255.21164pt.
 [31 <./kirchhmed3aforkirchh.PNG>]
<ny2.PNG, id=287, 523.2348pt x 293.4162pt>
File: ny2.PNG Graphic file (type png)
 <use ny2.PNG>
Package pdftex.def Info: ny2.PNG used on input line 499.
(pdftex.def)             Requested size: 452.9679pt x 254.01642pt.

<ny3.PNG, id=288, 521.3076pt x 295.3434pt>
File: ny3.PNG Graphic file (type png)
 <use ny3.PNG>
Package pdftex.def Info: ny3.PNG used on input line 505.
(pdftex.def)             Requested size: 452.9679pt x 256.63571pt.
 [32 <./ny1.PNG> <./ny2.PNG>] <ny4.PNG, id=297, 469.755pt x 352.1958pt>
File: ny4.PNG Graphic file (type png)
 <use ny4.PNG>
Package pdftex.def Info: ny4.PNG used on input line 513.
(pdftex.def)             Requested size: 452.9679pt x 339.60887pt.


LaTeX Warning: Reference `ny1' on page 33 undefined on input line 514.


LaTeX Warning: Reference `ny3' on page 33 undefined on input line 514.


LaTeX Warning: Reference `ny1' on page 33 undefined on input line 514.


LaTeX Warning: Reference `ny3' on page 33 undefined on input line 514.

[33 <./ny3.PNG>] <ny5.PNG, id=304, 232.2276pt x 501.072pt>
File: ny5.PNG Graphic file (type png)
 <use ny5.PNG>
Package pdftex.def Info: ny5.PNG used on input line 525.
(pdftex.def)             Requested size: 452.9679pt x 977.39232pt.


LaTeX Warning: Reference `ny1' on page 34 undefined on input line 527.


LaTeX Warning: Reference `ny3' on page 34 undefined on input line 527.


LaTeX Warning: Reference `ny1' on page 34 undefined on input line 527.


LaTeX Warning: Reference `ny3' on page 34 undefined on input line 527.

[34 <./ny4.PNG>] [35]
Overfull \vbox (340.67708pt too high) has occurred while \output is active []


[36 <./ny5.PNG>] <ny6.PNG, id=323, 258.2448pt x 499.1448pt>
File: ny6.PNG Graphic file (type png)
 <use ny6.PNG>
Package pdftex.def Info: ny6.PNG used on input line 536.
(pdftex.def)             Requested size: 452.9679pt x 875.59575pt.


LaTeX Warning: Reference `ny1' on page 37 undefined on input line 537.


LaTeX Warning: Reference `ny3' on page 37 undefined on input line 537.


LaTeX Warning: Reference `ny1' on page 37 undefined on input line 537.


LaTeX Warning: Reference `ny3' on page 37 undefined on input line 537.

[37] [38]
Overfull \vbox (226.88051pt too high) has occurred while \output is active []


[39 <./ny6.PNG>] <ny7.PNG, id=340, 372.4314pt x 551.1792pt>
File: ny7.PNG Graphic file (type png)
 <use ny7.PNG>
Package pdftex.def Info: ny7.PNG used on input line 548.
(pdftex.def)             Requested size: 452.9679pt x 670.41077pt.


LaTeX Warning: Reference `ny1' on page 40 undefined on input line 550.


LaTeX Warning: Reference `ny3' on page 40 undefined on input line 550.


LaTeX Warning: Reference `ny1' on page 40 undefined on input line 550.


LaTeX Warning: Reference `ny3' on page 40 undefined on input line 550.

[40] [41]
Overfull \vbox (45.69553pt too high) has occurred while \output is active []


[42 <./ny7.PNG>] [43]
Overfull \hbox (35.49358pt too wide) in paragraph at lines 575--576
[]\OT1/cmr/m/n/10 XSGEO (2015) [On-line]. Hess Cor-po-ra-tion. Avail-able from:
 $\OML/cmm/m/it/10 < http \OT1/cmr/m/n/10 : \OML/cmm/m/it/10 ==www:xsgeo:com=co
urse=acq:htm >$
 []

Package atveryend Info: Empty hook `BeforeClearDocument' on input line 579.
[44]
Package atveryend Info: Empty hook `AfterLastShipout' on input line 579.
 (./promaxlab.aux)
Package atveryend Info: Executing hook `AtVeryEndDocument' on input line 579.
Package atveryend Info: Executing hook `AtEndAfterFileList' on input line 579.


Package rerunfilecheck Warning: File `promaxlab.out' has changed.
(rerunfilecheck)                Rerun to get outlines right
(rerunfilecheck)                or use package `bookmark'.

Package rerunfilecheck Info: Checksums for `promaxlab.out':
(rerunfilecheck)             Before: D41D8CD98F00B204E9800998ECF8427E;0
(rerunfilecheck)             After:  E343F557AD1AF7D678CC98849CBABF5A;1654.

LaTeX Warning: There were undefined references.


LaTeX Warning: Label(s) may have changed. Rerun to get cross-references right.

Package atveryend Info: Empty hook `AtVeryVeryEnd' on input line 579.
 ) 
Here is how much of TeX's memory you used:
 10258 strings out of 492995
 149717 string characters out of 6132704
 269701 words of memory out of 5000000
 13520 multiletter control sequences out of 15000+600000
 9912 words of font info for 37 fonts, out of 8000000 for 9000
 1141 hyphenation exceptions out of 8191
 36i,6n,40p,921b,384s stack positions out of 5000i,500n,10000p,200000b,80000s
</usr/local/texlive/2017/texmf-dist/fonts/type1/public/amsfonts/cm/cmbx10.pfb
></usr/local/texlive/2017/texmf-dist/fonts/type1/public/amsfonts/cm/cmbx12.pfb>
</usr/local/texlive/2017/texmf-dist/fonts/type1/public/amsfonts/cm/cmex10.pfb><
/usr/local/texlive/2017/texmf-dist/fonts/type1/public/amsfonts/cm/cmmi10.pfb></
usr/local/texlive/2017/texmf-dist/fonts/type1/public/amsfonts/cm/cmmi7.pfb></us
r/local/texlive/2017/texmf-dist/fonts/type1/public/amsfonts/cm/cmr10.pfb></usr/
local/texlive/2017/texmf-dist/fonts/type1/public/amsfonts/cm/cmr5.pfb></usr/loc
al/texlive/2017/texmf-dist/fonts/type1/public/amsfonts/cm/cmr7.pfb></usr/local/
texlive/2017/texmf-dist/fonts/type1/public/amsfonts/cm/cmsy10.pfb></usr/local/t
exlive/2017/texmf-dist/fonts/type1/public/amsfonts/cm/cmsy7.pfb>
Output written on promaxlab.pdf (44 pages, 84817113 bytes).
PDF statistics:
 429 PDF objects out of 1000 (max. 8388607)
 281 compressed objects within 3 object streams
 117 named destinations out of 1000 (max. 500000)
 252 words of extra memory for PDF output out of 10000 (max. 10000000)

